{
  "stats": {
    "suites": 1,
    "tests": 2,
    "passes": 1,
    "pending": 2,
    "failures": -1,
    "start": "2024-11-11T16:38:57.065Z",
    "end": "2024-11-11T16:39:37.727Z",
    "duration": 40662,
    "testsRegistered": 3,
    "passPercent": 100,
    "pendingPercent": 66.66666666666666,
    "other": 1,
    "hasOther": true,
    "skipped": 0,
    "hasSkipped": false
  },
  "results": [
    {
      "uuid": "d69897b9-f031-4470-ade2-5d14ab40a5cf",
      "title": "",
      "fullFile": "cypress\\e2e\\Homework3\\Pages\\Elements\\ButtonsTests.cy.js",
      "file": "cypress\\e2e\\Homework3\\Pages\\Elements\\ButtonsTests.cy.js",
      "beforeHooks": [],
      "afterHooks": [],
      "tests": [],
      "suites": [
        {
          "uuid": "ca35d0d5-aa4f-475b-993e-b6aaf8fd6b9f",
          "title": "Buttons Tests",
          "fullFile": "",
          "file": "",
          "beforeHooks": [],
          "afterHooks": [],
          "tests": [
            {
              "title": "should double click the button and verify the message",
              "fullTitle": "Buttons Tests should double click the button and verify the message",
              "timedOut": null,
              "duration": 0,
              "state": "pending",
              "speed": null,
              "pass": false,
              "fail": false,
              "pending": true,
              "context": null,
              "code": "cy.get('#doubleClickBtn').dblclick();\ncy.contains('You have done a double click').should('be.visible');",
              "err": {},
              "uuid": "af92562f-c2eb-4499-9065-8688187927f0",
              "parentUUID": "ca35d0d5-aa4f-475b-993e-b6aaf8fd6b9f",
              "isHook": false,
              "skipped": false
            },
            {
              "title": "should right-click the button and verify the message",
              "fullTitle": "Buttons Tests should right-click the button and verify the message",
              "timedOut": null,
              "duration": 38766,
              "state": "passed",
              "speed": "slow",
              "pass": true,
              "fail": false,
              "pending": false,
              "context": null,
              "code": "cy.get('#rightClickBtn').rightclick();\ncy.contains('You have done a right click').should('be.visible');",
              "err": {},
              "uuid": "98459aca-cbc5-4984-b8e0-941f6684d812",
              "parentUUID": "ca35d0d5-aa4f-475b-993e-b6aaf8fd6b9f",
              "isHook": false,
              "skipped": false
            },
            {
              "title": "should click the \"Click Me\" button and verify the message",
              "fullTitle": "Buttons Tests should click the \"Click Me\" button and verify the message",
              "timedOut": null,
              "duration": 0,
              "state": "pending",
              "speed": null,
              "pass": false,
              "fail": false,
              "pending": true,
              "context": null,
              "code": "cy.xpath('/html/body/div[2]/div/div/div/div[2]/div[2]/div[3]/button').click();\ncy.contains('You have done a dynamic click').should('be.visible');",
              "err": {},
              "uuid": "dce826c7-3da8-40de-a922-2d42b48d08ce",
              "parentUUID": "ca35d0d5-aa4f-475b-993e-b6aaf8fd6b9f",
              "isHook": false,
              "skipped": false
            }
          ],
          "suites": [],
          "passes": [
            "98459aca-cbc5-4984-b8e0-941f6684d812"
          ],
          "failures": [],
          "pending": [
            "af92562f-c2eb-4499-9065-8688187927f0",
            "dce826c7-3da8-40de-a922-2d42b48d08ce"
          ],
          "skipped": [],
          "duration": 38766,
          "root": false,
          "rootEmpty": false,
          "_timeout": 2000
        }
      ],
      "passes": [],
      "failures": [],
      "pending": [],
      "skipped": [],
      "duration": 0,
      "root": true,
      "rootEmpty": true,
      "_timeout": 2000
    }
  ],
  "meta": {
    "mocha": {
      "version": "7.0.1"
    },
    "mochawesome": {
      "options": {
        "quiet": false,
        "reportFilename": "mochawesome",
        "saveHtml": true,
        "saveJson": true,
        "consoleReporter": "spec",
        "useInlineDiffs": false,
        "code": true
      },
      "version": "7.1.3"
    },
    "marge": {
      "options": {
        "reportDir": "cypress/results"
      },
      "version": "6.2.0"
    }
  }
}